{"name":"hexo","hostname":"pm-pc","pid":5078,"level":20,"msg":"Hexo version: \u001b[35m3.2.2\u001b[39m","time":"2017-04-14T09:01:29.082Z","v":0}
{"name":"hexo","hostname":"pm-pc","pid":5078,"level":20,"msg":"Working directory: \u001b[35m~/Myproject/pmblog/\u001b[39m","time":"2017-04-14T09:01:29.087Z","v":0}
{"name":"hexo","hostname":"pm-pc","pid":5078,"level":20,"msg":"Config loaded: \u001b[35m~/Myproject/pmblog/_config.yml\u001b[39m","time":"2017-04-14T09:01:29.198Z","v":0}
{"name":"hexo","hostname":"pm-pc","pid":5078,"level":20,"msg":"Plugin loaded: \u001b[35mhexo-algolia\u001b[39m","time":"2017-04-14T09:01:29.349Z","v":0}
{"name":"hexo","hostname":"pm-pc","pid":5078,"level":20,"msg":"Plugin loaded: \u001b[35mhexo-deployer-git\u001b[39m","time":"2017-04-14T09:01:29.453Z","v":0}
{"name":"hexo","hostname":"pm-pc","pid":5078,"level":20,"msg":"Plugin loaded: \u001b[35mhexo-generator-archive\u001b[39m","time":"2017-04-14T09:01:29.458Z","v":0}
{"name":"hexo","hostname":"pm-pc","pid":5078,"level":20,"msg":"Plugin loaded: \u001b[35mhexo-generator-category\u001b[39m","time":"2017-04-14T09:01:29.461Z","v":0}
{"name":"hexo","hostname":"pm-pc","pid":5078,"level":20,"msg":"Plugin loaded: \u001b[35mhexo-generator-feed\u001b[39m","time":"2017-04-14T09:01:29.490Z","v":0}
{"name":"hexo","hostname":"pm-pc","pid":5078,"level":20,"msg":"Plugin loaded: \u001b[35mhexo-generator-index\u001b[39m","time":"2017-04-14T09:01:29.492Z","v":0}
{"name":"hexo","hostname":"pm-pc","pid":5078,"level":20,"msg":"Plugin loaded: \u001b[35mhexo-generator-searchdb\u001b[39m","time":"2017-04-14T09:01:29.529Z","v":0}
{"name":"hexo","hostname":"pm-pc","pid":5078,"level":20,"msg":"Plugin loaded: \u001b[35mhexo-generator-tag\u001b[39m","time":"2017-04-14T09:01:29.530Z","v":0}
{"name":"hexo","hostname":"pm-pc","pid":5078,"level":20,"msg":"Plugin loaded: \u001b[35mhexo-renderer-ejs\u001b[39m","time":"2017-04-14T09:01:29.534Z","v":0}
{"name":"hexo","hostname":"pm-pc","pid":5078,"level":20,"msg":"Plugin loaded: \u001b[35mhexo-renderer-marked\u001b[39m","time":"2017-04-14T09:01:29.546Z","v":0}
{"name":"hexo","hostname":"pm-pc","pid":5078,"level":20,"msg":"Plugin loaded: \u001b[35mhexo-renderer-stylus\u001b[39m","time":"2017-04-14T09:01:29.548Z","v":0}
{"name":"hexo","hostname":"pm-pc","pid":5078,"level":20,"msg":"Plugin loaded: \u001b[35mhexo-server\u001b[39m","time":"2017-04-14T09:01:29.612Z","v":0}
{"name":"hexo","hostname":"pm-pc","pid":5078,"level":20,"msg":"Script loaded: \u001b[35mthemes/next/scripts/merge-configs.js\u001b[39m","time":"2017-04-14T09:01:29.616Z","v":0}
{"name":"hexo","hostname":"pm-pc","pid":5078,"level":20,"msg":"Script loaded: \u001b[35mthemes/next/scripts/merge.js\u001b[39m","time":"2017-04-14T09:01:29.620Z","v":0}
{"name":"hexo","hostname":"pm-pc","pid":5078,"level":20,"msg":"Script loaded: \u001b[35mthemes/next/scripts/tags/button.js\u001b[39m","time":"2017-04-14T09:01:29.621Z","v":0}
{"name":"hexo","hostname":"pm-pc","pid":5078,"level":20,"msg":"Script loaded: \u001b[35mthemes/next/scripts/tags/center-quote.js\u001b[39m","time":"2017-04-14T09:01:29.621Z","v":0}
{"name":"hexo","hostname":"pm-pc","pid":5078,"level":20,"msg":"Script loaded: \u001b[35mthemes/next/scripts/tags/exturl.js\u001b[39m","time":"2017-04-14T09:01:29.622Z","v":0}
{"name":"hexo","hostname":"pm-pc","pid":5078,"level":20,"msg":"Script loaded: \u001b[35mthemes/next/scripts/tags/full-image.js\u001b[39m","time":"2017-04-14T09:01:29.624Z","v":0}
{"name":"hexo","hostname":"pm-pc","pid":5078,"level":20,"msg":"Script loaded: \u001b[35mthemes/next/scripts/tags/group-pictures.js\u001b[39m","time":"2017-04-14T09:01:29.626Z","v":0}
{"name":"hexo","hostname":"pm-pc","pid":5078,"level":20,"msg":"Script loaded: \u001b[35mthemes/next/scripts/tags/note.js\u001b[39m","time":"2017-04-14T09:01:29.626Z","v":0}
{"name":"hexo","hostname":"pm-pc","pid":5078,"level":60,"msg":"Permission denied. You can't use port 80.","time":"2017-04-14T09:01:29.634Z","v":0}
{"name":"hexo","hostname":"pm-pc","pid":5078,"level":60,"err":{"message":"listen EACCES 0.0.0.0:80","name":"Error","stack":"Error: listen EACCES 0.0.0.0:80\n    at Object.exports._errnoException (util.js:890:11)\n    at exports._exceptionWithHostPort (util.js:913:20)\n    at Server.__dirname.Server.Server._listen2 (net.js:1217:19)\n    at listen (net.js:1266:10)\n    at net.js:1375:9\n    at _combinedTickCallback (internal/process/next_tick.js:77:11)\n    at process._tickCallback (internal/process/next_tick.js:98:9)","code":"EACCES"},"msg":"Something's wrong. Maybe you can find the solution here: \u001b[4mhttp://hexo.io/docs/troubleshooting.html\u001b[24m","time":"2017-04-14T09:01:29.635Z","v":0}
{"name":"hexo","hostname":"pm-pc","pid":5078,"level":20,"msg":"Database saved","time":"2017-04-14T09:01:29.639Z","v":0}
{"name":"hexo","hostname":"pm-pc","pid":5145,"level":20,"msg":"Hexo version: \u001b[35m3.2.2\u001b[39m","time":"2017-04-14T09:01:58.036Z","v":0}
{"name":"hexo","hostname":"pm-pc","pid":5145,"level":20,"msg":"Working directory: \u001b[35m~/Myproject/pmblog/\u001b[39m","time":"2017-04-14T09:01:58.040Z","v":0}
{"name":"hexo","hostname":"pm-pc","pid":5145,"level":20,"msg":"Config loaded: \u001b[35m~/Myproject/pmblog/_config.yml\u001b[39m","time":"2017-04-14T09:01:58.151Z","v":0}
{"name":"hexo","hostname":"pm-pc","pid":5145,"level":20,"msg":"Script loaded: \u001b[35mthemes/next/scripts/merge-configs.js\u001b[39m","time":"2017-04-14T09:01:58.172Z","v":0}
{"name":"hexo","hostname":"pm-pc","pid":5145,"level":20,"msg":"Script loaded: \u001b[35mthemes/next/scripts/merge.js\u001b[39m","time":"2017-04-14T09:01:58.176Z","v":0}
{"name":"hexo","hostname":"pm-pc","pid":5145,"level":20,"msg":"Script loaded: \u001b[35mthemes/next/scripts/tags/button.js\u001b[39m","time":"2017-04-14T09:01:58.177Z","v":0}
{"name":"hexo","hostname":"pm-pc","pid":5145,"level":20,"msg":"Script loaded: \u001b[35mthemes/next/scripts/tags/center-quote.js\u001b[39m","time":"2017-04-14T09:01:58.177Z","v":0}
{"name":"hexo","hostname":"pm-pc","pid":5145,"level":20,"msg":"Script loaded: \u001b[35mthemes/next/scripts/tags/exturl.js\u001b[39m","time":"2017-04-14T09:01:58.180Z","v":0}
{"name":"hexo","hostname":"pm-pc","pid":5145,"level":20,"msg":"Script loaded: \u001b[35mthemes/next/scripts/tags/full-image.js\u001b[39m","time":"2017-04-14T09:01:58.182Z","v":0}
{"name":"hexo","hostname":"pm-pc","pid":5145,"level":20,"msg":"Script loaded: \u001b[35mthemes/next/scripts/tags/group-pictures.js\u001b[39m","time":"2017-04-14T09:01:58.184Z","v":0}
{"name":"hexo","hostname":"pm-pc","pid":5145,"level":20,"msg":"Script loaded: \u001b[35mthemes/next/scripts/tags/note.js\u001b[39m","time":"2017-04-14T09:01:58.185Z","v":0}
{"name":"hexo","hostname":"pm-pc","pid":5145,"level":20,"msg":"Plugin loaded: \u001b[35mhexo-algolia\u001b[39m","time":"2017-04-14T09:01:58.309Z","v":0}
{"name":"hexo","hostname":"pm-pc","pid":5145,"level":20,"msg":"Plugin loaded: \u001b[35mhexo-deployer-git\u001b[39m","time":"2017-04-14T09:01:58.410Z","v":0}
{"name":"hexo","hostname":"pm-pc","pid":5145,"level":20,"msg":"Plugin loaded: \u001b[35mhexo-generator-archive\u001b[39m","time":"2017-04-14T09:01:58.413Z","v":0}
{"name":"hexo","hostname":"pm-pc","pid":5145,"level":20,"msg":"Plugin loaded: \u001b[35mhexo-generator-category\u001b[39m","time":"2017-04-14T09:01:58.415Z","v":0}
{"name":"hexo","hostname":"pm-pc","pid":5145,"level":20,"msg":"Plugin loaded: \u001b[35mhexo-generator-feed\u001b[39m","time":"2017-04-14T09:01:58.442Z","v":0}
{"name":"hexo","hostname":"pm-pc","pid":5145,"level":20,"msg":"Plugin loaded: \u001b[35mhexo-generator-index\u001b[39m","time":"2017-04-14T09:01:58.443Z","v":0}
{"name":"hexo","hostname":"pm-pc","pid":5145,"level":20,"msg":"Plugin loaded: \u001b[35mhexo-generator-searchdb\u001b[39m","time":"2017-04-14T09:01:58.478Z","v":0}
{"name":"hexo","hostname":"pm-pc","pid":5145,"level":20,"msg":"Plugin loaded: \u001b[35mhexo-generator-tag\u001b[39m","time":"2017-04-14T09:01:58.480Z","v":0}
{"name":"hexo","hostname":"pm-pc","pid":5145,"level":20,"msg":"Plugin loaded: \u001b[35mhexo-renderer-ejs\u001b[39m","time":"2017-04-14T09:01:58.490Z","v":0}
{"name":"hexo","hostname":"pm-pc","pid":5145,"level":20,"msg":"Plugin loaded: \u001b[35mhexo-renderer-marked\u001b[39m","time":"2017-04-14T09:01:58.497Z","v":0}
{"name":"hexo","hostname":"pm-pc","pid":5145,"level":20,"msg":"Plugin loaded: \u001b[35mhexo-renderer-stylus\u001b[39m","time":"2017-04-14T09:01:58.499Z","v":0}
{"name":"hexo","hostname":"pm-pc","pid":5145,"level":20,"msg":"Plugin loaded: \u001b[35mhexo-server\u001b[39m","time":"2017-04-14T09:01:58.566Z","v":0}
{"name":"hexo","hostname":"pm-pc","pid":5145,"level":60,"msg":"Permission denied. You can't use port 80.","time":"2017-04-14T09:01:58.574Z","v":0}
{"name":"hexo","hostname":"pm-pc","pid":5145,"level":60,"err":{"message":"listen EACCES 0.0.0.0:80","name":"Error","stack":"Error: listen EACCES 0.0.0.0:80\n    at Object.exports._errnoException (util.js:890:11)\n    at exports._exceptionWithHostPort (util.js:913:20)\n    at Server.__dirname.Server.Server._listen2 (net.js:1217:19)\n    at listen (net.js:1266:10)\n    at net.js:1375:9\n    at _combinedTickCallback (internal/process/next_tick.js:77:11)\n    at process._tickCallback (internal/process/next_tick.js:98:9)","code":"EACCES"},"msg":"Something's wrong. Maybe you can find the solution here: \u001b[4mhttp://hexo.io/docs/troubleshooting.html\u001b[24m","time":"2017-04-14T09:01:58.575Z","v":0}
{"name":"hexo","hostname":"pm-pc","pid":5145,"level":20,"msg":"Database saved","time":"2017-04-14T09:01:58.579Z","v":0}
{"name":"hexo","hostname":"pm-pc","pid":6017,"level":20,"msg":"Hexo version: \u001b[35m3.2.2\u001b[39m","time":"2017-04-14T09:04:18.288Z","v":0}
{"name":"hexo","hostname":"pm-pc","pid":6017,"level":20,"msg":"Working directory: \u001b[35m~/Myproject/pmblog/\u001b[39m","time":"2017-04-14T09:04:18.292Z","v":0}
{"name":"hexo","hostname":"pm-pc","pid":6017,"level":20,"msg":"Config loaded: \u001b[35m~/Myproject/pmblog/_config.yml\u001b[39m","time":"2017-04-14T09:04:18.404Z","v":0}
{"name":"hexo","hostname":"pm-pc","pid":6017,"level":20,"msg":"Script loaded: \u001b[35mthemes/next/scripts/merge-configs.js\u001b[39m","time":"2017-04-14T09:04:18.427Z","v":0}
{"name":"hexo","hostname":"pm-pc","pid":6017,"level":20,"msg":"Script loaded: \u001b[35mthemes/next/scripts/merge.js\u001b[39m","time":"2017-04-14T09:04:18.431Z","v":0}
{"name":"hexo","hostname":"pm-pc","pid":6017,"level":20,"msg":"Script loaded: \u001b[35mthemes/next/scripts/tags/button.js\u001b[39m","time":"2017-04-14T09:04:18.432Z","v":0}
{"name":"hexo","hostname":"pm-pc","pid":6017,"level":20,"msg":"Script loaded: \u001b[35mthemes/next/scripts/tags/center-quote.js\u001b[39m","time":"2017-04-14T09:04:18.432Z","v":0}
{"name":"hexo","hostname":"pm-pc","pid":6017,"level":20,"msg":"Script loaded: \u001b[35mthemes/next/scripts/tags/exturl.js\u001b[39m","time":"2017-04-14T09:04:18.434Z","v":0}
{"name":"hexo","hostname":"pm-pc","pid":6017,"level":20,"msg":"Script loaded: \u001b[35mthemes/next/scripts/tags/full-image.js\u001b[39m","time":"2017-04-14T09:04:18.435Z","v":0}
{"name":"hexo","hostname":"pm-pc","pid":6017,"level":20,"msg":"Script loaded: \u001b[35mthemes/next/scripts/tags/group-pictures.js\u001b[39m","time":"2017-04-14T09:04:18.437Z","v":0}
{"name":"hexo","hostname":"pm-pc","pid":6017,"level":20,"msg":"Script loaded: \u001b[35mthemes/next/scripts/tags/note.js\u001b[39m","time":"2017-04-14T09:04:18.438Z","v":0}
{"name":"hexo","hostname":"pm-pc","pid":6017,"level":20,"msg":"Plugin loaded: \u001b[35mhexo-algolia\u001b[39m","time":"2017-04-14T09:04:18.572Z","v":0}
{"name":"hexo","hostname":"pm-pc","pid":6017,"level":20,"msg":"Plugin loaded: \u001b[35mhexo-deployer-git\u001b[39m","time":"2017-04-14T09:04:18.666Z","v":0}
{"name":"hexo","hostname":"pm-pc","pid":6017,"level":20,"msg":"Plugin loaded: \u001b[35mhexo-generator-archive\u001b[39m","time":"2017-04-14T09:04:18.669Z","v":0}
{"name":"hexo","hostname":"pm-pc","pid":6017,"level":20,"msg":"Plugin loaded: \u001b[35mhexo-generator-category\u001b[39m","time":"2017-04-14T09:04:18.671Z","v":0}
{"name":"hexo","hostname":"pm-pc","pid":6017,"level":20,"msg":"Plugin loaded: \u001b[35mhexo-generator-feed\u001b[39m","time":"2017-04-14T09:04:18.699Z","v":0}
{"name":"hexo","hostname":"pm-pc","pid":6017,"level":20,"msg":"Plugin loaded: \u001b[35mhexo-generator-index\u001b[39m","time":"2017-04-14T09:04:18.701Z","v":0}
{"name":"hexo","hostname":"pm-pc","pid":6017,"level":20,"msg":"Plugin loaded: \u001b[35mhexo-generator-searchdb\u001b[39m","time":"2017-04-14T09:04:18.741Z","v":0}
{"name":"hexo","hostname":"pm-pc","pid":6017,"level":20,"msg":"Plugin loaded: \u001b[35mhexo-generator-tag\u001b[39m","time":"2017-04-14T09:04:18.743Z","v":0}
{"name":"hexo","hostname":"pm-pc","pid":6017,"level":20,"msg":"Plugin loaded: \u001b[35mhexo-renderer-marked\u001b[39m","time":"2017-04-14T09:04:18.750Z","v":0}
{"name":"hexo","hostname":"pm-pc","pid":6017,"level":20,"msg":"Plugin loaded: \u001b[35mhexo-renderer-stylus\u001b[39m","time":"2017-04-14T09:04:18.751Z","v":0}
{"name":"hexo","hostname":"pm-pc","pid":6017,"level":20,"msg":"Plugin loaded: \u001b[35mhexo-server\u001b[39m","time":"2017-04-14T09:04:18.811Z","v":0}
{"name":"hexo","hostname":"pm-pc","pid":6017,"level":20,"msg":"Plugin loaded: \u001b[35mhexo-renderer-ejs\u001b[39m","time":"2017-04-14T09:04:18.813Z","v":0}
{"name":"hexo","hostname":"pm-pc","pid":6017,"level":60,"msg":"Permission denied. You can't use port 80.","time":"2017-04-14T09:04:18.821Z","v":0}
{"name":"hexo","hostname":"pm-pc","pid":6017,"level":60,"err":{"message":"listen EACCES 0.0.0.0:80","name":"Error","stack":"Error: listen EACCES 0.0.0.0:80\n    at Object.exports._errnoException (util.js:890:11)\n    at exports._exceptionWithHostPort (util.js:913:20)\n    at Server.__dirname.Server.Server._listen2 (net.js:1217:19)\n    at listen (net.js:1266:10)\n    at net.js:1375:9\n    at _combinedTickCallback (internal/process/next_tick.js:77:11)\n    at process._tickCallback (internal/process/next_tick.js:98:9)","code":"EACCES"},"msg":"Something's wrong. Maybe you can find the solution here: \u001b[4mhttp://hexo.io/docs/troubleshooting.html\u001b[24m","time":"2017-04-14T09:04:18.823Z","v":0}
{"name":"hexo","hostname":"pm-pc","pid":6017,"level":20,"msg":"Database saved","time":"2017-04-14T09:04:18.827Z","v":0}
{"name":"hexo","hostname":"pm-pc","pid":6913,"level":20,"msg":"Hexo version: \u001b[35m3.2.2\u001b[39m","time":"2017-04-14T09:09:40.538Z","v":0}
{"name":"hexo","hostname":"pm-pc","pid":6913,"level":20,"msg":"Working directory: \u001b[35m~/Myproject/pmblog/\u001b[39m","time":"2017-04-14T09:09:40.542Z","v":0}
{"name":"hexo","hostname":"pm-pc","pid":6913,"level":20,"msg":"Config loaded: \u001b[35m~/Myproject/pmblog/_config.yml\u001b[39m","time":"2017-04-14T09:09:40.653Z","v":0}
{"name":"hexo","hostname":"pm-pc","pid":6913,"level":20,"msg":"Script loaded: \u001b[35mthemes/next/scripts/merge-configs.js\u001b[39m","time":"2017-04-14T09:09:40.675Z","v":0}
{"name":"hexo","hostname":"pm-pc","pid":6913,"level":20,"msg":"Script loaded: \u001b[35mthemes/next/scripts/merge.js\u001b[39m","time":"2017-04-14T09:09:40.679Z","v":0}
{"name":"hexo","hostname":"pm-pc","pid":6913,"level":20,"msg":"Script loaded: \u001b[35mthemes/next/scripts/tags/button.js\u001b[39m","time":"2017-04-14T09:09:40.679Z","v":0}
{"name":"hexo","hostname":"pm-pc","pid":6913,"level":20,"msg":"Script loaded: \u001b[35mthemes/next/scripts/tags/center-quote.js\u001b[39m","time":"2017-04-14T09:09:40.680Z","v":0}
{"name":"hexo","hostname":"pm-pc","pid":6913,"level":20,"msg":"Script loaded: \u001b[35mthemes/next/scripts/tags/exturl.js\u001b[39m","time":"2017-04-14T09:09:40.683Z","v":0}
{"name":"hexo","hostname":"pm-pc","pid":6913,"level":20,"msg":"Script loaded: \u001b[35mthemes/next/scripts/tags/full-image.js\u001b[39m","time":"2017-04-14T09:09:40.685Z","v":0}
{"name":"hexo","hostname":"pm-pc","pid":6913,"level":20,"msg":"Script loaded: \u001b[35mthemes/next/scripts/tags/group-pictures.js\u001b[39m","time":"2017-04-14T09:09:40.687Z","v":0}
{"name":"hexo","hostname":"pm-pc","pid":6913,"level":20,"msg":"Script loaded: \u001b[35mthemes/next/scripts/tags/note.js\u001b[39m","time":"2017-04-14T09:09:40.688Z","v":0}
{"name":"hexo","hostname":"pm-pc","pid":6913,"level":20,"msg":"Plugin loaded: \u001b[35mhexo-algolia\u001b[39m","time":"2017-04-14T09:09:40.807Z","v":0}
{"name":"hexo","hostname":"pm-pc","pid":6913,"level":20,"msg":"Plugin loaded: \u001b[35mhexo-deployer-git\u001b[39m","time":"2017-04-14T09:09:40.902Z","v":0}
{"name":"hexo","hostname":"pm-pc","pid":6913,"level":20,"msg":"Plugin loaded: \u001b[35mhexo-generator-archive\u001b[39m","time":"2017-04-14T09:09:40.906Z","v":0}
{"name":"hexo","hostname":"pm-pc","pid":6913,"level":20,"msg":"Plugin loaded: \u001b[35mhexo-generator-category\u001b[39m","time":"2017-04-14T09:09:40.908Z","v":0}
{"name":"hexo","hostname":"pm-pc","pid":6913,"level":20,"msg":"Plugin loaded: \u001b[35mhexo-generator-feed\u001b[39m","time":"2017-04-14T09:09:40.934Z","v":0}
{"name":"hexo","hostname":"pm-pc","pid":6913,"level":20,"msg":"Plugin loaded: \u001b[35mhexo-generator-index\u001b[39m","time":"2017-04-14T09:09:40.936Z","v":0}
{"name":"hexo","hostname":"pm-pc","pid":6913,"level":20,"msg":"Plugin loaded: \u001b[35mhexo-generator-searchdb\u001b[39m","time":"2017-04-14T09:09:40.971Z","v":0}
{"name":"hexo","hostname":"pm-pc","pid":6913,"level":20,"msg":"Plugin loaded: \u001b[35mhexo-generator-tag\u001b[39m","time":"2017-04-14T09:09:40.973Z","v":0}
{"name":"hexo","hostname":"pm-pc","pid":6913,"level":20,"msg":"Plugin loaded: \u001b[35mhexo-renderer-ejs\u001b[39m","time":"2017-04-14T09:09:40.983Z","v":0}
{"name":"hexo","hostname":"pm-pc","pid":6913,"level":20,"msg":"Plugin loaded: \u001b[35mhexo-renderer-marked\u001b[39m","time":"2017-04-14T09:09:40.989Z","v":0}
{"name":"hexo","hostname":"pm-pc","pid":6913,"level":20,"msg":"Plugin loaded: \u001b[35mhexo-renderer-stylus\u001b[39m","time":"2017-04-14T09:09:40.991Z","v":0}
{"name":"hexo","hostname":"pm-pc","pid":6913,"level":20,"msg":"Plugin loaded: \u001b[35mhexo-server\u001b[39m","time":"2017-04-14T09:09:41.052Z","v":0}
{"name":"hexo","hostname":"pm-pc","pid":6913,"level":60,"msg":"Permission denied. You can't use port 80.","time":"2017-04-14T09:09:41.061Z","v":0}
{"name":"hexo","hostname":"pm-pc","pid":6913,"level":60,"err":{"message":"listen EACCES 0.0.0.0:80","name":"Error","stack":"Error: listen EACCES 0.0.0.0:80\n    at Object.exports._errnoException (util.js:890:11)\n    at exports._exceptionWithHostPort (util.js:913:20)\n    at Server.__dirname.Server.Server._listen2 (net.js:1217:19)\n    at listen (net.js:1266:10)\n    at net.js:1375:9\n    at _combinedTickCallback (internal/process/next_tick.js:77:11)\n    at process._tickCallback (internal/process/next_tick.js:98:9)","code":"EACCES"},"msg":"Something's wrong. Maybe you can find the solution here: \u001b[4mhttp://hexo.io/docs/troubleshooting.html\u001b[24m","time":"2017-04-14T09:09:41.062Z","v":0}
{"name":"hexo","hostname":"pm-pc","pid":6913,"level":20,"msg":"Database saved","time":"2017-04-14T09:09:41.066Z","v":0}
{"name":"hexo","hostname":"pm-pc","pid":7355,"level":20,"msg":"Hexo version: \u001b[35m3.2.2\u001b[39m","time":"2017-04-14T09:16:37.437Z","v":0}
{"name":"hexo","hostname":"pm-pc","pid":7355,"level":20,"msg":"Working directory: \u001b[35m~/Myproject/pmblog/\u001b[39m","time":"2017-04-14T09:16:37.442Z","v":0}
{"name":"hexo","hostname":"pm-pc","pid":7355,"level":20,"msg":"Config loaded: \u001b[35m~/Myproject/pmblog/_config.yml\u001b[39m","time":"2017-04-14T09:16:37.554Z","v":0}
{"name":"hexo","hostname":"pm-pc","pid":7355,"level":20,"msg":"Script loaded: \u001b[35mthemes/next/scripts/merge-configs.js\u001b[39m","time":"2017-04-14T09:16:37.576Z","v":0}
{"name":"hexo","hostname":"pm-pc","pid":7355,"level":20,"msg":"Script loaded: \u001b[35mthemes/next/scripts/merge.js\u001b[39m","time":"2017-04-14T09:16:37.580Z","v":0}
{"name":"hexo","hostname":"pm-pc","pid":7355,"level":20,"msg":"Script loaded: \u001b[35mthemes/next/scripts/tags/button.js\u001b[39m","time":"2017-04-14T09:16:37.580Z","v":0}
{"name":"hexo","hostname":"pm-pc","pid":7355,"level":20,"msg":"Script loaded: \u001b[35mthemes/next/scripts/tags/center-quote.js\u001b[39m","time":"2017-04-14T09:16:37.581Z","v":0}
{"name":"hexo","hostname":"pm-pc","pid":7355,"level":20,"msg":"Script loaded: \u001b[35mthemes/next/scripts/tags/exturl.js\u001b[39m","time":"2017-04-14T09:16:37.583Z","v":0}
{"name":"hexo","hostname":"pm-pc","pid":7355,"level":20,"msg":"Script loaded: \u001b[35mthemes/next/scripts/tags/group-pictures.js\u001b[39m","time":"2017-04-14T09:16:37.586Z","v":0}
{"name":"hexo","hostname":"pm-pc","pid":7355,"level":20,"msg":"Script loaded: \u001b[35mthemes/next/scripts/tags/note.js\u001b[39m","time":"2017-04-14T09:16:37.587Z","v":0}
{"name":"hexo","hostname":"pm-pc","pid":7355,"level":20,"msg":"Script loaded: \u001b[35mthemes/next/scripts/tags/full-image.js\u001b[39m","time":"2017-04-14T09:16:37.588Z","v":0}
{"name":"hexo","hostname":"pm-pc","pid":7355,"level":20,"msg":"Plugin loaded: \u001b[35mhexo-algolia\u001b[39m","time":"2017-04-14T09:16:37.699Z","v":0}
{"name":"hexo","hostname":"pm-pc","pid":7355,"level":20,"msg":"Plugin loaded: \u001b[35mhexo-deployer-git\u001b[39m","time":"2017-04-14T09:16:37.791Z","v":0}
{"name":"hexo","hostname":"pm-pc","pid":7355,"level":20,"msg":"Plugin loaded: \u001b[35mhexo-generator-archive\u001b[39m","time":"2017-04-14T09:16:37.795Z","v":0}
{"name":"hexo","hostname":"pm-pc","pid":7355,"level":20,"msg":"Plugin loaded: \u001b[35mhexo-generator-category\u001b[39m","time":"2017-04-14T09:16:37.797Z","v":0}
{"name":"hexo","hostname":"pm-pc","pid":7355,"level":20,"msg":"Plugin loaded: \u001b[35mhexo-generator-feed\u001b[39m","time":"2017-04-14T09:16:37.824Z","v":0}
{"name":"hexo","hostname":"pm-pc","pid":7355,"level":20,"msg":"Plugin loaded: \u001b[35mhexo-generator-index\u001b[39m","time":"2017-04-14T09:16:37.826Z","v":0}
{"name":"hexo","hostname":"pm-pc","pid":7355,"level":20,"msg":"Plugin loaded: \u001b[35mhexo-generator-searchdb\u001b[39m","time":"2017-04-14T09:16:37.865Z","v":0}
{"name":"hexo","hostname":"pm-pc","pid":7355,"level":20,"msg":"Plugin loaded: \u001b[35mhexo-generator-tag\u001b[39m","time":"2017-04-14T09:16:37.867Z","v":0}
{"name":"hexo","hostname":"pm-pc","pid":7355,"level":20,"msg":"Plugin loaded: \u001b[35mhexo-renderer-ejs\u001b[39m","time":"2017-04-14T09:16:37.870Z","v":0}
{"name":"hexo","hostname":"pm-pc","pid":7355,"level":20,"msg":"Plugin loaded: \u001b[35mhexo-renderer-marked\u001b[39m","time":"2017-04-14T09:16:37.876Z","v":0}
{"name":"hexo","hostname":"pm-pc","pid":7355,"level":20,"msg":"Plugin loaded: \u001b[35mhexo-renderer-stylus\u001b[39m","time":"2017-04-14T09:16:37.877Z","v":0}
{"name":"hexo","hostname":"pm-pc","pid":7355,"level":20,"msg":"Plugin loaded: \u001b[35mhexo-server\u001b[39m","time":"2017-04-14T09:16:37.939Z","v":0}
{"name":"hexo","hostname":"pm-pc","pid":7355,"level":60,"msg":"Permission denied. You can't use port 80.","time":"2017-04-14T09:16:37.948Z","v":0}
{"name":"hexo","hostname":"pm-pc","pid":7355,"level":60,"err":{"message":"listen EACCES 0.0.0.0:80","name":"Error","stack":"Error: listen EACCES 0.0.0.0:80\n    at Object.exports._errnoException (util.js:890:11)\n    at exports._exceptionWithHostPort (util.js:913:20)\n    at Server.__dirname.Server.Server._listen2 (net.js:1217:19)\n    at listen (net.js:1266:10)\n    at net.js:1375:9\n    at _combinedTickCallback (internal/process/next_tick.js:77:11)\n    at process._tickCallback (internal/process/next_tick.js:98:9)","code":"EACCES"},"msg":"Something's wrong. Maybe you can find the solution here: \u001b[4mhttp://hexo.io/docs/troubleshooting.html\u001b[24m","time":"2017-04-14T09:16:37.950Z","v":0}
{"name":"hexo","hostname":"pm-pc","pid":7355,"level":20,"msg":"Database saved","time":"2017-04-14T09:16:37.954Z","v":0}
{"name":"hexo","hostname":"pm-pc","pid":7658,"level":20,"msg":"Hexo version: \u001b[35m3.2.2\u001b[39m","time":"2017-04-14T09:18:07.296Z","v":0}
{"name":"hexo","hostname":"pm-pc","pid":7658,"level":20,"msg":"Working directory: \u001b[35m~/Myproject/pmblog/\u001b[39m","time":"2017-04-14T09:18:07.300Z","v":0}
{"name":"hexo","hostname":"pm-pc","pid":7658,"level":20,"msg":"Config loaded: \u001b[35m~/Myproject/pmblog/_config.yml\u001b[39m","time":"2017-04-14T09:18:07.410Z","v":0}
{"name":"hexo","hostname":"pm-pc","pid":7658,"level":20,"msg":"Script loaded: \u001b[35mthemes/next/scripts/merge-configs.js\u001b[39m","time":"2017-04-14T09:18:07.434Z","v":0}
{"name":"hexo","hostname":"pm-pc","pid":7658,"level":20,"msg":"Script loaded: \u001b[35mthemes/next/scripts/merge.js\u001b[39m","time":"2017-04-14T09:18:07.440Z","v":0}
{"name":"hexo","hostname":"pm-pc","pid":7658,"level":20,"msg":"Script loaded: \u001b[35mthemes/next/scripts/tags/button.js\u001b[39m","time":"2017-04-14T09:18:07.442Z","v":0}
{"name":"hexo","hostname":"pm-pc","pid":7658,"level":20,"msg":"Script loaded: \u001b[35mthemes/next/scripts/tags/center-quote.js\u001b[39m","time":"2017-04-14T09:18:07.443Z","v":0}
{"name":"hexo","hostname":"pm-pc","pid":7658,"level":20,"msg":"Script loaded: \u001b[35mthemes/next/scripts/tags/exturl.js\u001b[39m","time":"2017-04-14T09:18:07.446Z","v":0}
{"name":"hexo","hostname":"pm-pc","pid":7658,"level":20,"msg":"Script loaded: \u001b[35mthemes/next/scripts/tags/full-image.js\u001b[39m","time":"2017-04-14T09:18:07.447Z","v":0}
{"name":"hexo","hostname":"pm-pc","pid":7658,"level":20,"msg":"Script loaded: \u001b[35mthemes/next/scripts/tags/group-pictures.js\u001b[39m","time":"2017-04-14T09:18:07.449Z","v":0}
{"name":"hexo","hostname":"pm-pc","pid":7658,"level":20,"msg":"Script loaded: \u001b[35mthemes/next/scripts/tags/note.js\u001b[39m","time":"2017-04-14T09:18:07.449Z","v":0}
{"name":"hexo","hostname":"pm-pc","pid":7658,"level":20,"msg":"Plugin loaded: \u001b[35mhexo-algolia\u001b[39m","time":"2017-04-14T09:18:07.577Z","v":0}
{"name":"hexo","hostname":"pm-pc","pid":7658,"level":20,"msg":"Plugin loaded: \u001b[35mhexo-deployer-git\u001b[39m","time":"2017-04-14T09:18:07.668Z","v":0}
{"name":"hexo","hostname":"pm-pc","pid":7658,"level":20,"msg":"Plugin loaded: \u001b[35mhexo-generator-archive\u001b[39m","time":"2017-04-14T09:18:07.670Z","v":0}
{"name":"hexo","hostname":"pm-pc","pid":7658,"level":20,"msg":"Plugin loaded: \u001b[35mhexo-generator-category\u001b[39m","time":"2017-04-14T09:18:07.673Z","v":0}
{"name":"hexo","hostname":"pm-pc","pid":7658,"level":20,"msg":"Plugin loaded: \u001b[35mhexo-generator-feed\u001b[39m","time":"2017-04-14T09:18:07.697Z","v":0}
{"name":"hexo","hostname":"pm-pc","pid":7658,"level":20,"msg":"Plugin loaded: \u001b[35mhexo-generator-index\u001b[39m","time":"2017-04-14T09:18:07.698Z","v":0}
{"name":"hexo","hostname":"pm-pc","pid":7658,"level":20,"msg":"Plugin loaded: \u001b[35mhexo-generator-searchdb\u001b[39m","time":"2017-04-14T09:18:07.738Z","v":0}
{"name":"hexo","hostname":"pm-pc","pid":7658,"level":20,"msg":"Plugin loaded: \u001b[35mhexo-generator-tag\u001b[39m","time":"2017-04-14T09:18:07.740Z","v":0}
{"name":"hexo","hostname":"pm-pc","pid":7658,"level":20,"msg":"Plugin loaded: \u001b[35mhexo-renderer-ejs\u001b[39m","time":"2017-04-14T09:18:07.743Z","v":0}
{"name":"hexo","hostname":"pm-pc","pid":7658,"level":20,"msg":"Plugin loaded: \u001b[35mhexo-renderer-marked\u001b[39m","time":"2017-04-14T09:18:07.748Z","v":0}
{"name":"hexo","hostname":"pm-pc","pid":7658,"level":20,"msg":"Plugin loaded: \u001b[35mhexo-renderer-stylus\u001b[39m","time":"2017-04-14T09:18:07.750Z","v":0}
{"name":"hexo","hostname":"pm-pc","pid":7658,"level":20,"msg":"Plugin loaded: \u001b[35mhexo-server\u001b[39m","time":"2017-04-14T09:18:07.810Z","v":0}
{"name":"hexo","hostname":"pm-pc","pid":7658,"level":20,"msg":"Database saved","time":"2017-04-14T09:18:07.816Z","v":0}
{"name":"hexo","hostname":"pimi-mac","pid":17309,"level":20,"msg":"Hexo version: \u001b[35m3.3.9\u001b[39m","time":"2017-10-30T02:50:36.755Z","v":0}
{"name":"hexo","hostname":"pimi-mac","pid":17309,"level":20,"msg":"Working directory: \u001b[35m~/work/personal/github/pimiblog/\u001b[39m","time":"2017-10-30T02:50:36.757Z","v":0}
{"name":"hexo","hostname":"pimi-mac","pid":17309,"level":20,"msg":"Config loaded: \u001b[35m~/work/personal/github/pimiblog/_config.yml\u001b[39m","time":"2017-10-30T02:50:36.907Z","v":0}
{"name":"hexo","hostname":"pimi-mac","pid":17309,"level":20,"msg":"Plugin loaded: \u001b[35mhexo-fs\u001b[39m","time":"2017-10-30T02:50:36.927Z","v":0}
{"name":"hexo","hostname":"pimi-mac","pid":17309,"level":20,"msg":"Plugin loaded: \u001b[35mhexo-deployer-git\u001b[39m","time":"2017-10-30T02:50:36.934Z","v":0}
{"name":"hexo","hostname":"pimi-mac","pid":17309,"level":20,"msg":"Plugin loaded: \u001b[35mhexo-generator-archive\u001b[39m","time":"2017-10-30T02:50:36.939Z","v":0}
{"name":"hexo","hostname":"pimi-mac","pid":17309,"level":20,"msg":"Plugin loaded: \u001b[35mhexo-algolia\u001b[39m","time":"2017-10-30T02:50:36.982Z","v":0}
{"name":"hexo","hostname":"pimi-mac","pid":17309,"level":20,"msg":"Plugin loaded: \u001b[35mhexo-generator-baidu-sitemap\u001b[39m","time":"2017-10-30T02:50:36.989Z","v":0}
{"name":"hexo","hostname":"pimi-mac","pid":17309,"level":20,"msg":"Plugin loaded: \u001b[35mhexo-generator-category\u001b[39m","time":"2017-10-30T02:50:36.991Z","v":0}
{"name":"hexo","hostname":"pimi-mac","pid":17309,"level":20,"msg":"Plugin loaded: \u001b[35mhexo-generator-searchdb\u001b[39m","time":"2017-10-30T02:50:36.996Z","v":0}
{"name":"hexo","hostname":"pimi-mac","pid":17309,"level":20,"msg":"Plugin loaded: \u001b[35mhexo-generator-index\u001b[39m","time":"2017-10-30T02:50:36.999Z","v":0}
{"name":"hexo","hostname":"pimi-mac","pid":17309,"level":20,"msg":"Plugin loaded: \u001b[35mhexo-generator-sitemap\u001b[39m","time":"2017-10-30T02:50:37.001Z","v":0}
{"name":"hexo","hostname":"pimi-mac","pid":17309,"level":20,"msg":"Plugin loaded: \u001b[35mhexo-generator-tag\u001b[39m","time":"2017-10-30T02:50:37.003Z","v":0}
{"name":"hexo","hostname":"pimi-mac","pid":17309,"level":20,"msg":"Plugin loaded: \u001b[35mhexo-renderer-ejs\u001b[39m","time":"2017-10-30T02:50:37.005Z","v":0}
{"name":"hexo","hostname":"pimi-mac","pid":17309,"level":20,"msg":"Plugin loaded: \u001b[35mhexo-migrator-rss\u001b[39m","time":"2017-10-30T02:50:37.290Z","v":0}
{"name":"hexo","hostname":"pimi-mac","pid":17309,"level":20,"msg":"Plugin loaded: \u001b[35mhexo-renderer-stylus\u001b[39m","time":"2017-10-30T02:50:37.291Z","v":0}
{"name":"hexo","hostname":"pimi-mac","pid":17309,"level":20,"msg":"Plugin loaded: \u001b[35mhexo-renderer-marked\u001b[39m","time":"2017-10-30T02:50:37.296Z","v":0}
{"name":"hexo","hostname":"pimi-mac","pid":17309,"level":20,"msg":"Plugin loaded: \u001b[35mhexo-server\u001b[39m","time":"2017-10-30T02:50:37.375Z","v":0}
{"name":"hexo","hostname":"pimi-mac","pid":17309,"level":20,"msg":"Plugin loaded: \u001b[35mhexo-generator-feed\u001b[39m","time":"2017-10-30T02:50:37.416Z","v":0}
{"name":"hexo","hostname":"pimi-mac","pid":17309,"level":20,"msg":"Plugin loaded: \u001b[35mhexo-baidu-url-submit\u001b[39m","time":"2017-10-30T02:50:37.420Z","v":0}
{"name":"hexo","hostname":"pimi-mac","pid":17309,"level":20,"msg":"Script loaded: \u001b[35mthemes/next/scripts/merge-configs.js\u001b[39m","time":"2017-10-30T02:50:37.430Z","v":0}
{"name":"hexo","hostname":"pimi-mac","pid":17309,"level":20,"msg":"Script loaded: \u001b[35mthemes/next/scripts/tags/center-quote.js\u001b[39m","time":"2017-10-30T02:50:37.430Z","v":0}
{"name":"hexo","hostname":"pimi-mac","pid":17309,"level":20,"msg":"Script loaded: \u001b[35mthemes/next/scripts/merge.js\u001b[39m","time":"2017-10-30T02:50:37.432Z","v":0}
{"name":"hexo","hostname":"pimi-mac","pid":17309,"level":20,"msg":"Script loaded: \u001b[35mthemes/next/scripts/tags/exturl.js\u001b[39m","time":"2017-10-30T02:50:37.433Z","v":0}
{"name":"hexo","hostname":"pimi-mac","pid":17309,"level":20,"msg":"Script loaded: \u001b[35mthemes/next/scripts/tags/group-pictures.js\u001b[39m","time":"2017-10-30T02:50:37.434Z","v":0}
{"name":"hexo","hostname":"pimi-mac","pid":17309,"level":20,"msg":"Script loaded: \u001b[35mthemes/next/scripts/tags/note.js\u001b[39m","time":"2017-10-30T02:50:37.435Z","v":0}
{"name":"hexo","hostname":"pimi-mac","pid":17309,"level":20,"msg":"Script loaded: \u001b[35mthemes/next/scripts/tags/full-image.js\u001b[39m","time":"2017-10-30T02:50:37.435Z","v":0}
{"name":"hexo","hostname":"pimi-mac","pid":17309,"level":20,"msg":"Script loaded: \u001b[35mthemes/next/scripts/tags/button.js\u001b[39m","time":"2017-10-30T02:50:37.438Z","v":0}
{"name":"hexo","hostname":"pimi-mac","pid":17309,"level":30,"msg":"Deleted database.","time":"2017-10-30T02:50:37.440Z","v":0}
{"name":"hexo","hostname":"pimi-mac","pid":17309,"level":20,"msg":"Database saved","time":"2017-10-30T02:50:37.442Z","v":0}
{"name":"hexo","hostname":"pimi-mac","pid":18231,"level":20,"msg":"Hexo version: \u001b[35m3.3.9\u001b[39m","time":"2017-10-30T03:10:40.393Z","v":0}
{"name":"hexo","hostname":"pimi-mac","pid":18231,"level":20,"msg":"Working directory: \u001b[35m~/work/personal/github/pimiblog/\u001b[39m","time":"2017-10-30T03:10:40.395Z","v":0}
{"name":"hexo","hostname":"pimi-mac","pid":18231,"level":20,"msg":"Config loaded: \u001b[35m~/work/personal/github/pimiblog/_config.yml\u001b[39m","time":"2017-10-30T03:10:40.563Z","v":0}
{"name":"hexo","hostname":"pimi-mac","pid":18231,"level":20,"msg":"Plugin loaded: \u001b[35mhexo-fs\u001b[39m","time":"2017-10-30T03:10:40.581Z","v":0}
{"name":"hexo","hostname":"pimi-mac","pid":18231,"level":20,"msg":"Plugin loaded: \u001b[35mhexo-generator-archive\u001b[39m","time":"2017-10-30T03:10:40.584Z","v":0}
{"name":"hexo","hostname":"pimi-mac","pid":18231,"level":20,"msg":"Plugin loaded: \u001b[35mhexo-algolia\u001b[39m","time":"2017-10-30T03:10:40.636Z","v":0}
{"name":"hexo","hostname":"pimi-mac","pid":18231,"level":20,"msg":"Plugin loaded: \u001b[35mhexo-deployer-git\u001b[39m","time":"2017-10-30T03:10:40.655Z","v":0}
{"name":"hexo","hostname":"pimi-mac","pid":18231,"level":20,"msg":"Plugin loaded: \u001b[35mhexo-generator-category\u001b[39m","time":"2017-10-30T03:10:40.657Z","v":0}
{"name":"hexo","hostname":"pimi-mac","pid":18231,"level":20,"msg":"Plugin loaded: \u001b[35mhexo-generator-baidu-sitemap\u001b[39m","time":"2017-10-30T03:10:40.662Z","v":0}
{"name":"hexo","hostname":"pimi-mac","pid":18231,"level":20,"msg":"Plugin loaded: \u001b[35mhexo-generator-feed\u001b[39m","time":"2017-10-30T03:10:40.704Z","v":0}
{"name":"hexo","hostname":"pimi-mac","pid":18231,"level":20,"msg":"Plugin loaded: \u001b[35mhexo-generator-sitemap\u001b[39m","time":"2017-10-30T03:10:40.706Z","v":0}
{"name":"hexo","hostname":"pimi-mac","pid":18231,"level":20,"msg":"Plugin loaded: \u001b[35mhexo-generator-searchdb\u001b[39m","time":"2017-10-30T03:10:40.710Z","v":0}
{"name":"hexo","hostname":"pimi-mac","pid":18231,"level":20,"msg":"Plugin loaded: \u001b[35mhexo-migrator-rss\u001b[39m","time":"2017-10-30T03:10:41.044Z","v":0}
{"name":"hexo","hostname":"pimi-mac","pid":18231,"level":20,"msg":"Plugin loaded: \u001b[35mhexo-generator-tag\u001b[39m","time":"2017-10-30T03:10:41.045Z","v":0}
{"name":"hexo","hostname":"pimi-mac","pid":18231,"level":20,"msg":"Plugin loaded: \u001b[35mhexo-generator-index\u001b[39m","time":"2017-10-30T03:10:41.047Z","v":0}
{"name":"hexo","hostname":"pimi-mac","pid":18231,"level":20,"msg":"Plugin loaded: \u001b[35mhexo-renderer-stylus\u001b[39m","time":"2017-10-30T03:10:41.048Z","v":0}
{"name":"hexo","hostname":"pimi-mac","pid":18231,"level":20,"msg":"Plugin loaded: \u001b[35mhexo-renderer-ejs\u001b[39m","time":"2017-10-30T03:10:41.050Z","v":0}
{"name":"hexo","hostname":"pimi-mac","pid":18231,"level":20,"msg":"Plugin loaded: \u001b[35mhexo-renderer-marked\u001b[39m","time":"2017-10-30T03:10:41.062Z","v":0}
{"name":"hexo","hostname":"pimi-mac","pid":18231,"level":20,"msg":"Plugin loaded: \u001b[35mhexo-server\u001b[39m","time":"2017-10-30T03:10:41.159Z","v":0}
{"name":"hexo","hostname":"pimi-mac","pid":18231,"level":20,"msg":"Plugin loaded: \u001b[35mhexo-baidu-url-submit\u001b[39m","time":"2017-10-30T03:10:41.170Z","v":0}
{"name":"hexo","hostname":"pimi-mac","pid":18231,"level":20,"msg":"Script loaded: \u001b[35mthemes/next/scripts/merge-configs.js\u001b[39m","time":"2017-10-30T03:10:41.190Z","v":0}
{"name":"hexo","hostname":"pimi-mac","pid":18231,"level":20,"msg":"Script loaded: \u001b[35mthemes/next/scripts/tags/button.js\u001b[39m","time":"2017-10-30T03:10:41.190Z","v":0}
{"name":"hexo","hostname":"pimi-mac","pid":18231,"level":20,"msg":"Script loaded: \u001b[35mthemes/next/scripts/tags/exturl.js\u001b[39m","time":"2017-10-30T03:10:41.191Z","v":0}
{"name":"hexo","hostname":"pimi-mac","pid":18231,"level":20,"msg":"Script loaded: \u001b[35mthemes/next/scripts/tags/full-image.js\u001b[39m","time":"2017-10-30T03:10:41.192Z","v":0}
{"name":"hexo","hostname":"pimi-mac","pid":18231,"level":20,"msg":"Script loaded: \u001b[35mthemes/next/scripts/tags/note.js\u001b[39m","time":"2017-10-30T03:10:41.192Z","v":0}
{"name":"hexo","hostname":"pimi-mac","pid":18231,"level":20,"msg":"Script loaded: \u001b[35mthemes/next/scripts/tags/group-pictures.js\u001b[39m","time":"2017-10-30T03:10:41.194Z","v":0}
{"name":"hexo","hostname":"pimi-mac","pid":18231,"level":20,"msg":"Script loaded: \u001b[35mthemes/next/scripts/tags/center-quote.js\u001b[39m","time":"2017-10-30T03:10:41.194Z","v":0}
{"name":"hexo","hostname":"pimi-mac","pid":18231,"level":20,"msg":"Script loaded: \u001b[35mthemes/next/scripts/merge.js\u001b[39m","time":"2017-10-30T03:10:41.197Z","v":0}
{"name":"hexo","hostname":"pimi-mac","pid":18231,"level":30,"msg":"Deleted database.","time":"2017-10-30T03:10:41.200Z","v":0}
{"name":"hexo","hostname":"pimi-mac","pid":18231,"level":30,"msg":"Deleted public folder.","time":"2017-10-30T03:10:41.249Z","v":0}
{"name":"hexo","hostname":"pimi-mac","pid":18231,"level":20,"msg":"Database saved","time":"2017-10-30T03:10:41.251Z","v":0}
